<?xml version="1.0" encoding="UTF-8"?>
<!-- Generated by org.testng.reporters.JUnitReportReporter -->
<testsuite hostname="DESKTOP-34D8979" failures="0" tests="5" name="testCases.TC003_LogInDDT" time="36.949" errors="0" timestamp="2025-07-26T23:17:12 IST" skipped="0">
  <testcase classname="testCases.TC003_LogInDDT" name="verify_loginDDT" time="10.764"/>
  <testcase classname="testCases.TC003_LogInDDT" name="verify_loginDDT" time="11.343"/>
  <testcase classname="testCases.TC003_LogInDDT" name="verify_loginDDT" time="2.234"/>
  <testcase classname="testCases.TC003_LogInDDT" name="verify_loginDDT" time="10.763"/>
  <testcase classname="testCases.TC003_LogInDDT" name="verify_loginDDT" time="1.845"/>
</testsuite> <!-- testCases.TC003_LogInDDT -->
