<?xml version="1.0" encoding="UTF-8"?>
<!-- Generated by org.testng.reporters.JUnitReportReporter -->
<testsuite hostname="DESKTOP-34D8979" failures="0" tests="3" name="testBase.TC001_AccountRegistration" time="12.227" errors="0" timestamp="2025-07-25T23:14:33 IST" skipped="0">
  <testcase classname="testBase.TC001_AccountRegistration" name="verifyAccountRegistration" time="5.420"/>
  <testcase classname="testBase.TC001_AccountRegistration" name="verifyAccountRegistration" time="2.378"/>
  <testcase classname="testBase.TC001_AccountRegistration" name="verifyAccountRegistration" time="4.429"/>
</testsuite> <!-- testBase.TC001_AccountRegistration -->
