<?xml version="1.0" encoding="UTF-8"?>
<!-- Generated by org.testng.reporters.JUnitReportReporter -->
<testsuite hostname="DESKTOP-34D8979" failures="0" tests="2" name="testCases.TC002_LogInTest" time="4.111" errors="0" timestamp="2025-07-28T18:06:46 IST" skipped="0">
  <testcase classname="testCases.TC002_LogInTest" name="verify_login" time="1.982"/>
  <testcase classname="testCases.TC002_LogInTest" name="verify_login" time="2.129"/>
</testsuite> <!-- testCases.TC002_LogInTest -->
