<?xml version="1.0" encoding="UTF-8"?>
<!-- Generated by org.testng.reporters.JUnitReportReporter -->
<testsuite hostname="DESKTOP-34D8979" failures="0" tests="1" name="testCases.TC001_AccountRegistration" time="2.569" errors="0" timestamp="2025-07-29T15:52:51 IST" skipped="0">
  <testcase classname="testCases.TC001_AccountRegistration" name="verifyAccountRegistration" time="2.569"/>
</testsuite> <!-- testCases.TC001_AccountRegistration -->
