<?xml version="1.0" encoding="UTF-8"?>
<!-- Generated by org.testng.reporters.JUnitReportReporter -->
<testsuite hostname="DESKTOP-34D8979" failures="0" tests="1" name="testCases.TC002_LogInTest" time="2.326" errors="0" timestamp="2025-07-28T22:48:24 IST" skipped="0">
  <testcase classname="testCases.TC002_LogInTest" name="verify_login" time="2.326"/>
</testsuite> <!-- testCases.TC002_LogInTest -->
